<?xml version="1.0" encoding="UTF-8"?>
<!-- Generated by org.testng.reporters.JUnitReportReporter -->
<testsuite skipped="0" hostname="DESKTOP-GH3OJ7O" name="com.dem.Set" tests="1" failures="0" timestamp="05 Nov 2017 03:24:05 GMT" time="12.019" errors="0">
  <testcase name="testApp" time="12.019" classname="com.dem.Set"/>
</testsuite> <!-- com.dem.Set -->
