<?xml version="1.0" encoding="UTF-8"?>
<!-- Generated by org.testng.reporters.JUnitReportReporter -->
<testsuite skipped="0" hostname="DESKTOP-GH3OJ7O" name="com.dem.Test3" tests="2" failures="0" timestamp="05 Nov 2017 05:25:56 GMT" time="135.973" errors="0">
  <testcase name="Click" time="67.002" classname="com.dem.Test3"/>
  <testcase name="Click" time="68.971" classname="com.dem.Test3"/>
</testsuite> <!-- com.dem.Test3 -->
